0.09 - Steam Library found at D:\Games\SteamLibrary\steamapps
0.09 - Steam Library found at S:\Steam Library\steamapps
0.09 - Total number of Steam Libraries found: 2
0.09 - Searching for Steam Games in D:\Games\SteamLibrary\steamapps
0.16 - Steam Game "The Jackbox Party Pack 6" (1005300) is not supported, skipping
0.16 - Steam Game "Tomb Raider" (203160) is not supported, skipping
0.16 - Steam Game "The Witcher: Enhanced Edition" (20900) is not supported, skipping
0.16 - Steam Game "The Witcher 2: Assassins of Kings Enhanced Edition" (20920) is not supported, skipping
0.16 - Steam Game "DCS World Steam Edition" (223750) is not supported, skipping
0.16 - Steam Game "Metro 2033 Redux" (286690) is not supported, skipping
0.16 - Steam Game "Metro: Last Light Redux" (287390) is not supported, skipping
0.16 - Steam Game "The Jackbox Party Pack" (331670) is not supported, skipping
0.16 - Steam Game "Alpha Protocol" (34010) is not supported, skipping
0.16 - Steam Game "Kingdom Come: Deliverance" (379430) is not supported, skipping
0.16 - Steam Game "The Jackbox Party Pack 3" (434170) is not supported, skipping
0.17 - Steam Game "Hellblade: Senua's Sacrifice VR Edition" (747350) is not supported, skipping
0.17 - Steam Game "YouTube VR" (755770) is not supported, skipping
0.17 - Steam Game "The Jackbox Party Pack 5" (774461) is not supported, skipping
0.17 - Steam Game "fpsVR" (908520) is not supported, skipping
0.17 - Searching for Steam Games in S:\Steam Library\steamapps
0.17 - Found Steam Game: "The Elder Scrolls V: Skyrim Special Edition" (489830) at S:\Steam Library\steamapps\common\Skyrim Special Edition
0.17 - Found Steam Game: "The Elder Scrolls V: Skyrim VR" (611670) at S:\Steam Library\steamapps\common\SkyrimVR
0.17 - Searching for Steam Games in c:\games\steam\steamapps
0.17 - Found Steam Game: "The Elder Scrolls IV: Oblivion " (22330) at c:\games\steam\steamapps\common\Oblivion
0.17 - Found Steam Workshop item file c:\games\steam\steamapps\workshop\appworkshop_22330.acf for "The Elder Scrolls IV: Oblivion "
0.18 - Steam Game "3DMark" (223850) is not supported, skipping
0.18 - Steam Game "Steamworks Common Redistributables" (228980) is not supported, skipping
0.18 - Steam Game "SteamVR" (250820) is not supported, skipping
0.18 - Steam Game "Deus Ex: Human Revolution" (28050) is not supported, skipping
0.18 - Steam Game "Sid Meier's Civilization VI" (289070) is not supported, skipping
0.18 - Steam Game "Eastside Hockey Manager" (301120) is not supported, skipping
0.18 - Steam Game "Total War: SHOGUN 2" (34330) is not supported, skipping
0.18 - Steam Game "Elite Dangerous" (359320) is not supported, skipping
0.18 - Steam Game "Deus Ex: Game of the Year Edition" (6910) is not supported, skipping
0.18 - Steam Game "Deus Ex: Invisible War" (6920) is not supported, skipping
0.18 - Found Steam Game: "The Elder Scrolls V: Skyrim" (72850) at c:\games\steam\steamapps\common\Skyrim
0.19 - Found Steam Workshop item file c:\games\steam\steamapps\workshop\appworkshop_72850.acf for "The Elder Scrolls V: Skyrim"
0.19 - Steam Game "Natural Locomotion" (798810) is not supported, skipping
0.19 - Total number of Steam Games found: 4
0.19 - Wabbajack.Common.StoreHandlers.StoreException: Could not open the GOG registry key!
0.19 - Wabbajack.Common.StoreHandlers.StoreException: Could not Init the GOGHandler, check previous error messages!
0.19 - Wabbajack.Common.StoreHandlers.StoreException: The GamesFolder for BethNet at C:\Games\Utilities\Bethesda.net Launcher\games does not exist!
0.19 - Wabbajack.Common.StoreHandlers.StoreException: Could not load all Games from the BethNetHandler, check previous error messages!
